The system is: Windows - 10.0.19045 - AMD64
Compiling the C compiler identification source file "CMakeCCompilerId.c" succeeded.
Compiler: C:/Program Files/Microsoft Visual Studio/2022/Community/VC/Tools/MSVC/14.35.32215/bin/Hostx86/x86/cl.exe 
Build flags: 
Id flags:  

The output was:
0
Microsoft (R) Kompilator optymalizujący C/C++, wersja 19.35.32215 dla architektury x86
Copyright (C) Microsoft Corporation. Wszystkie prawa zastrzeżone.

CMakeCCompilerId.c
Microsoft (R) Incremental Linker Version 14.35.32215.0
Copyright (C) Microsoft Corporation.  All rights reserved.

/out:CMakeCCompilerId.exe 
CMakeCCompilerId.obj 


Compilation of the C compiler identification source "CMakeCCompilerId.c" produced "CMakeCCompilerId.exe"

Compilation of the C compiler identification source "CMakeCCompilerId.c" produced "CMakeCCompilerId.obj"

The C compiler identification is MSVC, found in "C:/Users/Pawel/Desktop/C++/specjalizacja/cmake-build-debug/CMakeFiles/3.24.2/CompilerIdC/CMakeCCompilerId.exe"

Compiling the CXX compiler identification source file "CMakeCXXCompilerId.cpp" succeeded.
Compiler: C:/Program Files/Microsoft Visual Studio/2022/Community/VC/Tools/MSVC/14.35.32215/bin/Hostx86/x86/cl.exe 
Build flags: 
Id flags:  

The output was:
0
Microsoft (R) Kompilator optymalizujący C/C++, wersja 19.35.32215 dla architektury x86
Copyright (C) Microsoft Corporation. Wszystkie prawa zastrzeżone.

CMakeCXXCompilerId.cpp
Microsoft (R) Incremental Linker Version 14.35.32215.0
Copyright (C) Microsoft Corporation.  All rights reserved.

/out:CMakeCXXCompilerId.exe 
CMakeCXXCompilerId.obj 


Compilation of the CXX compiler identification source "CMakeCXXCompilerId.cpp" produced "CMakeCXXCompilerId.exe"

Compilation of the CXX compiler identification source "CMakeCXXCompilerId.cpp" produced "CMakeCXXCompilerId.obj"

The CXX compiler identification is MSVC, found in "C:/Users/Pawel/Desktop/C++/specjalizacja/cmake-build-debug/CMakeFiles/3.24.2/CompilerIdCXX/CMakeCXXCompilerId.exe"

Detecting C compiler ABI info compiled with the following output:
Change Dir: C:/Users/Pawel/Desktop/C++/specjalizacja/cmake-build-debug/CMakeFiles/CMakeTmp

Run Build Command(s):D:/Program Files/JetBrains/CLion 2022.3.3/bin/ninja/win/x64/ninja.exe cmTC_df6c0 && [1/2] Building C object CMakeFiles\cmTC_df6c0.dir\CMakeCCompilerABI.c.obj
[2/2] Linking C executable cmTC_df6c0.exe



Detecting CXX compiler ABI info compiled with the following output:
Change Dir: C:/Users/Pawel/Desktop/C++/specjalizacja/cmake-build-debug/CMakeFiles/CMakeTmp

Run Build Command(s):D:/Program Files/JetBrains/CLion 2022.3.3/bin/ninja/win/x64/ninja.exe cmTC_85be3 && [1/2] Building CXX object CMakeFiles\cmTC_85be3.dir\CMakeCXXCompilerABI.cpp.obj
[2/2] Linking CXX executable cmTC_85be3.exe



The system is: Windows - 10.0.19045 - AMD64
Compiling the C compiler identification source file "CMakeCCompilerId.c" succeeded.
Compiler: C:/Program Files/Microsoft Visual Studio/2022/Community/VC/Tools/MSVC/14.35.32215/bin/Hostx86/x86/cl.exe 
Build flags: /DWIN32;/D_WINDOWS
Id flags:  

The output was:
0
Microsoft (R) Kompilator optymalizujący C/C++, wersja 19.35.32215 dla architektury x86
Copyright (C) Microsoft Corporation. Wszystkie prawa zastrzeżone.

CMakeCCompilerId.c
Microsoft (R) Incremental Linker Version 14.35.32215.0
Copyright (C) Microsoft Corporation.  All rights reserved.

/out:CMakeCCompilerId.exe 
CMakeCCompilerId.obj 


Compilation of the C compiler identification source "CMakeCCompilerId.c" produced "CMakeCCompilerId.exe"

Compilation of the C compiler identification source "CMakeCCompilerId.c" produced "CMakeCCompilerId.obj"

The C compiler identification is MSVC, found in "C:/Users/Pawel/Desktop/C++/specjalizacja/cmake-build-debug/CMakeFiles/3.25.2/CompilerIdC/CMakeCCompilerId.exe"

Compiling the CXX compiler identification source file "CMakeCXXCompilerId.cpp" succeeded.
Compiler: C:/Program Files/Microsoft Visual Studio/2022/Community/VC/Tools/MSVC/14.35.32215/bin/Hostx86/x86/cl.exe 
Build flags: /DWIN32;/D_WINDOWS;/EHsc
Id flags:  

The output was:
0
Microsoft (R) Kompilator optymalizujący C/C++, wersja 19.35.32215 dla architektury x86
Copyright (C) Microsoft Corporation. Wszystkie prawa zastrzeżone.

CMakeCXXCompilerId.cpp
Microsoft (R) Incremental Linker Version 14.35.32215.0
Copyright (C) Microsoft Corporation.  All rights reserved.

/out:CMakeCXXCompilerId.exe 
CMakeCXXCompilerId.obj 


Compilation of the CXX compiler identification source "CMakeCXXCompilerId.cpp" produced "CMakeCXXCompilerId.exe"

Compilation of the CXX compiler identification source "CMakeCXXCompilerId.cpp" produced "CMakeCXXCompilerId.obj"

The CXX compiler identification is MSVC, found in "C:/Users/Pawel/Desktop/C++/specjalizacja/cmake-build-debug/CMakeFiles/3.25.2/CompilerIdCXX/CMakeCXXCompilerId.exe"

Detecting C compiler ABI info compiled with the following output:
Change Dir: C:/Users/Pawel/Desktop/C++/specjalizacja/cmake-build-debug/CMakeFiles/CMakeScratch/TryCompile-0rqbr6

Run Build Command(s):D:/Program Files/JetBrains/CLion 2022.3.3/bin/ninja/win/x64/ninja.exe cmTC_07075 && [1/2] Building C object CMakeFiles\cmTC_07075.dir\CMakeCCompilerABI.c.obj
[2/2] Linking C executable cmTC_07075.exe



Detecting CXX compiler ABI info compiled with the following output:
Change Dir: C:/Users/Pawel/Desktop/C++/specjalizacja/cmake-build-debug/CMakeFiles/CMakeScratch/TryCompile-wo9r7m

Run Build Command(s):D:/Program Files/JetBrains/CLion 2022.3.3/bin/ninja/win/x64/ninja.exe cmTC_e66db && [1/2] Building CXX object CMakeFiles\cmTC_e66db.dir\CMakeCXXCompilerABI.cpp.obj
[2/2] Linking CXX executable cmTC_e66db.exe



