The system is: Windows - 10.0.19045 - AMD64
Compiling the CXX compiler identification source file "CMakeCXXCompilerId.cpp" succeeded.
Compiler:  
Build flags: 
Id flags:  

The output was:
0
MSBuild version 17.5.0+6f08c67f3 for .NET Framework
Kompilacja rozpoczęła się 23.05.2023 18:12:42.
Included response file: C:\Program Files\Microsoft Visual Studio\2022\Community\MSBuild\Current\Bin\amd64\MSBuild.rsp

Projekt "C:\Users\Pawel\Desktop\C++\specjalizacja\build\CMakeFiles\3.25.1-msvc1\CompilerIdCXX\CompilerIdCXX.vcxproj" w węźle 1 (domyślne elementy docelowe).
PrepareForBuild:
  Tworzenie katalogu "Debug\".
  Tworzenie katalogu "Debug\CompilerIdCXX.tlog\".
InitializeBuildStatus:
  Trwa tworzenie "Debug\CompilerIdCXX.tlog\unsuccessfulbuild", ponieważ określono "AlwaysCreate".
ClCompile:
  C:\Program Files\Microsoft Visual Studio\2022\Community\VC\Tools\MSVC\14.35.32215\bin\HostX64\x86\CL.exe /c /nologo /W0 /WX- /diagnostics:column /Od /Oy- /D _MBCS /Gm- /EHsc /RTC1 /MDd /GS /fp:precise /Zc:wchar_t /Zc:forScope /Zc:inline /Fo"Debug\\" /Fd"Debug\vc143.pdb" /external:W0 /Gd /TP /analyze- /FC /errorReport:queue CMakeCXXCompilerId.cpp
  CMakeCXXCompilerId.cpp
Link:
  C:\Program Files\Microsoft Visual Studio\2022\Community\VC\Tools\MSVC\14.35.32215\bin\HostX64\x86\link.exe /ERRORREPORT:QUEUE /OUT:".\CompilerIdCXX.exe" /INCREMENTAL:NO /NOLOGO kernel32.lib user32.lib gdi32.lib winspool.lib comdlg32.lib advapi32.lib shell32.lib ole32.lib oleaut32.lib uuid.lib odbc32.lib odbccp32.lib /MANIFEST /MANIFESTUAC:"level='asInvoker' uiAccess='false'" /manifest:embed /PDB:".\CompilerIdCXX.pdb" /SUBSYSTEM:CONSOLE /TLBID:1 /DYNAMICBASE /NXCOMPAT /IMPLIB:".\CompilerIdCXX.lib" /MACHINE:X86 /SAFESEH Debug\CMakeCXXCompilerId.obj
  CompilerIdCXX.vcxproj -> C:\Users\Pawel\Desktop\C++\specjalizacja\build\CMakeFiles\3.25.1-msvc1\CompilerIdCXX\CompilerIdCXX.exe
PostBuildEvent:
  for %%i in (cl.exe) do @echo CMAKE_CXX_COMPILER=%%~$PATH:i
  :VCEnd
  CMAKE_CXX_COMPILER=C:\Program Files\Microsoft Visual Studio\2022\Community\VC\Tools\MSVC\14.35.32215\bin\Hostx64\x86\cl.exe
FinalizeBuildStatus:
  Usuwanie pliku "Debug\CompilerIdCXX.tlog\unsuccessfulbuild".
  Modyfikowanie "Debug\CompilerIdCXX.tlog\CompilerIdCXX.lastbuildstate".
Kompilowanie projektu "C:\Users\Pawel\Desktop\C++\specjalizacja\build\CMakeFiles\3.25.1-msvc1\CompilerIdCXX\CompilerIdCXX.vcxproj" wykonane (domyślne elementy docelowe).

Kompilacja powiodła się.
    Ostrzeżenia: 0
    Liczba błędów: 0

Czas, który upłynął: 00:00:02.44


Compilation of the CXX compiler identification source "CMakeCXXCompilerId.cpp" produced "CompilerIdCXX.exe"

Compilation of the CXX compiler identification source "CMakeCXXCompilerId.cpp" produced "CompilerIdCXX.vcxproj"

The CXX compiler identification is MSVC, found in "C:/Users/Pawel/Desktop/C++/specjalizacja/build/CMakeFiles/3.25.1-msvc1/CompilerIdCXX/CompilerIdCXX.exe"

Detecting CXX compiler ABI info compiled with the following output:
Change Dir: C:/Users/Pawel/Desktop/C++/specjalizacja/build/CMakeFiles/CMakeScratch/TryCompile-pnxh37

Run Build Command(s):C:/Program Files/Microsoft Visual Studio/2022/Community/MSBuild/Current/Bin/amd64/MSBuild.exe cmTC_a12a9.vcxproj /p:Configuration=Debug /p:Platform=win32 /p:VisualStudioVersion=17.0 /v:m && MSBuild version 17.5.0+6f08c67f3 for .NET Framework

  Microsoft (R) Kompilator optymalizujący C/C++, wersja 19.35.32215 dla architektury x86
  Copyright (C) Microsoft Corporation. Wszystkie prawa zastrzeżone.
  CMakeCXXCompilerABI.cpp
  cl /c /Zi /W1 /WX- /diagnostics:column /Od /Ob0 /Oy- /D _MBCS /D WIN32 /D _WINDOWS /D "CMAKE_INTDIR=\"Debug\"" /Gm- /EHsc /RTC1 /MDd /GS /fp:precise /Zc:wchar_t /Zc:forScope /Zc:inline /Fo"cmTC_a12a9.dir\Debug\\" /Fd"cmTC_a12a9.dir\Debug\vc143.pdb" /external:W1 /Gd /TP /analyze- /errorReport:queue "C:\Program Files\Microsoft Visual Studio\2022\Community\Common7\IDE\CommonExtensions\Microsoft\CMake\CMake\share\cmake-3.25\Modules\CMakeCXXCompilerABI.cpp"
  cmTC_a12a9.vcxproj -> C:\Users\Pawel\Desktop\C++\specjalizacja\build\CMakeFiles\CMakeScratch\TryCompile-pnxh37\Debug\cmTC_a12a9.exe



Compiling the C compiler identification source file "CMakeCCompilerId.c" succeeded.
Compiler:  
Build flags: 
Id flags:  

The output was:
0
MSBuild version 17.5.0+6f08c67f3 for .NET Framework
Kompilacja rozpoczęła się 23.05.2023 18:12:47.
Included response file: C:\Program Files\Microsoft Visual Studio\2022\Community\MSBuild\Current\Bin\amd64\MSBuild.rsp

Projekt "C:\Users\Pawel\Desktop\C++\specjalizacja\build\CMakeFiles\3.25.1-msvc1\CompilerIdC\CompilerIdC.vcxproj" w węźle 1 (domyślne elementy docelowe).
PrepareForBuild:
  Tworzenie katalogu "Debug\".
  Tworzenie katalogu "Debug\CompilerIdC.tlog\".
InitializeBuildStatus:
  Trwa tworzenie "Debug\CompilerIdC.tlog\unsuccessfulbuild", ponieważ określono "AlwaysCreate".
ClCompile:
  C:\Program Files\Microsoft Visual Studio\2022\Community\VC\Tools\MSVC\14.35.32215\bin\HostX64\x86\CL.exe /c /nologo /W0 /WX- /diagnostics:column /Od /Oy- /D _MBCS /Gm- /EHsc /RTC1 /MDd /GS /fp:precise /Zc:wchar_t /Zc:forScope /Zc:inline /Fo"Debug\\" /Fd"Debug\vc143.pdb" /external:W0 /Gd /TC /analyze- /FC /errorReport:queue CMakeCCompilerId.c
  CMakeCCompilerId.c
Link:
  C:\Program Files\Microsoft Visual Studio\2022\Community\VC\Tools\MSVC\14.35.32215\bin\HostX64\x86\link.exe /ERRORREPORT:QUEUE /OUT:".\CompilerIdC.exe" /INCREMENTAL:NO /NOLOGO kernel32.lib user32.lib gdi32.lib winspool.lib comdlg32.lib advapi32.lib shell32.lib ole32.lib oleaut32.lib uuid.lib odbc32.lib odbccp32.lib /MANIFEST /MANIFESTUAC:"level='asInvoker' uiAccess='false'" /manifest:embed /PDB:".\CompilerIdC.pdb" /SUBSYSTEM:CONSOLE /TLBID:1 /DYNAMICBASE /NXCOMPAT /IMPLIB:".\CompilerIdC.lib" /MACHINE:X86 /SAFESEH Debug\CMakeCCompilerId.obj
  CompilerIdC.vcxproj -> C:\Users\Pawel\Desktop\C++\specjalizacja\build\CMakeFiles\3.25.1-msvc1\CompilerIdC\CompilerIdC.exe
PostBuildEvent:
  for %%i in (cl.exe) do @echo CMAKE_C_COMPILER=%%~$PATH:i
  :VCEnd
  CMAKE_C_COMPILER=C:\Program Files\Microsoft Visual Studio\2022\Community\VC\Tools\MSVC\14.35.32215\bin\Hostx64\x86\cl.exe
FinalizeBuildStatus:
  Usuwanie pliku "Debug\CompilerIdC.tlog\unsuccessfulbuild".
  Modyfikowanie "Debug\CompilerIdC.tlog\CompilerIdC.lastbuildstate".
Kompilowanie projektu "C:\Users\Pawel\Desktop\C++\specjalizacja\build\CMakeFiles\3.25.1-msvc1\CompilerIdC\CompilerIdC.vcxproj" wykonane (domyślne elementy docelowe).

Kompilacja powiodła się.
    Ostrzeżenia: 0
    Liczba błędów: 0

Czas, który upłynął: 00:00:01.57


Compilation of the C compiler identification source "CMakeCCompilerId.c" produced "CompilerIdC.exe"

Compilation of the C compiler identification source "CMakeCCompilerId.c" produced "CompilerIdC.vcxproj"

The C compiler identification is MSVC, found in "C:/Users/Pawel/Desktop/C++/specjalizacja/build/CMakeFiles/3.25.1-msvc1/CompilerIdC/CompilerIdC.exe"

Detecting C compiler ABI info compiled with the following output:
Change Dir: C:/Users/Pawel/Desktop/C++/specjalizacja/build/CMakeFiles/CMakeScratch/TryCompile-sr3u80

Run Build Command(s):C:/Program Files/Microsoft Visual Studio/2022/Community/MSBuild/Current/Bin/amd64/MSBuild.exe cmTC_e4485.vcxproj /p:Configuration=Debug /p:Platform=win32 /p:VisualStudioVersion=17.0 /v:m && MSBuild version 17.5.0+6f08c67f3 for .NET Framework

  Microsoft (R) Kompilator optymalizujący C/C++, wersja 19.35.32215 dla architektury x86
  Copyright (C) Microsoft Corporation. Wszystkie prawa zastrzeżone.
  CMakeCCompilerABI.c
  cl /c /Zi /W1 /WX- /diagnostics:column /Od /Ob0 /Oy- /D _MBCS /D WIN32 /D _WINDOWS /D "CMAKE_INTDIR=\"Debug\"" /Gm- /RTC1 /MDd /GS /fp:precise /Zc:wchar_t /Zc:forScope /Zc:inline /Fo"cmTC_e4485.dir\Debug\\" /Fd"cmTC_e4485.dir\Debug\vc143.pdb" /external:W1 /Gd /TC /analyze- /errorReport:queue "C:\Program Files\Microsoft Visual Studio\2022\Community\Common7\IDE\CommonExtensions\Microsoft\CMake\CMake\share\cmake-3.25\Modules\CMakeCCompilerABI.c"
  cmTC_e4485.vcxproj -> C:\Users\Pawel\Desktop\C++\specjalizacja\build\CMakeFiles\CMakeScratch\TryCompile-sr3u80\Debug\cmTC_e4485.exe



